<?xml version="1.0" encoding="UTF-8"?>
<testsuite xmlns:xsi="http://www.w3.org/2001/XMLSchema-instance" xsi:noNamespaceSchemaLocation="https://maven.apache.org/surefire/maven-surefire-plugin/xsd/surefire-test-report-3.0.xsd" version="3.0" name="bean.EnderecoBeanTest" time="1.125" tests="11" errors="0" skipped="0" failures="0">
  <properties>
[...]
</properties>
  <testcase name="testSalvarNovoSuccess" classname="bean.EnderecoBeanTest" time="0.45"/>
  <testcase name="testSalvarNovoError" classname="bean.EnderecoBeanTest" time="0.001"/>
  <testcase name="testEditarSuccess" classname="bean.EnderecoBeanTest" time="0.001"/>
  <testcase name="testExcluirPorIdSuccess" classname="bean.EnderecoBeanTest" time="0.001"/>
  <testcase name="testBuscaEnderecoByCep" classname="bean.EnderecoBeanTest" time="0.618"/>
  <testcase name="testLimparSuccess" classname="bean.EnderecoBeanTest" time="0.001"/>
  <testcase name="testExcluirSuccess" classname="bean.EnderecoBeanTest" time="0.001"/>
  <testcase name="testExcluirPorIdNotFound" classname="bean.EnderecoBeanTest" time="0.001"/>
  <testcase name="testSalvarExistenteSuccess" classname="bean.EnderecoBeanTest" time="0.001"/>
  <testcase name="testExcluirNotFound" classname="bean.EnderecoBeanTest" time="0.001"/>
  <testcase name="testSalvarExistenteError" classname="bean.EnderecoBeanTest" time="0.001"/>
</testsuite>